[vr_visual_demo] log_file: light_teleop/light_teleop/logs/vr_visual_demo.log
[vr_visual_demo] Meshcat URL: http://127.0.0.1:7000/static/
[vr_visual_demo] listening on udp://10.1.42.44:8080
[vr_visual_demo] solver_frequency: 60 Hz dt=0.016667s
[vr_visual_demo] match_vr_frequency: enabled sample_seconds=1 min_packets=10
[vr_visual_demo] hold Grip to move, release Grip to hold, press X/A to reset home
[vr_visual_demo] posture_cost_profile: joint6-priority
[vr_visual_demo] joint_motion_cost: 0.1 profile=shoulder-heavy
[vr_visual_demo] position_cost: 0.55
[vr_visual_demo] orientation_cost: 0.15
[vr_visual_demo] target_orientation_mode: vr
[vr_visual_demo] visual meshes loaded: 18
[vr_visual_demo] VR debug markers: cyan/magenta raw spheres=VR controller points, green boxes=mapped-back targets before speed limit, red boxes=targets sent to Pink after speed limit, blue/yellow spheres=left/right Grip binding origins
[vr_visual_demo] mapped target box offset: axis=z, distance=0.000 m
[vr_visual_demo] warning: 7 visual mesh assets are missing
[vr_visual_demo] solver_frequency matched to VR: 81.28 Hz dt=0.012303s
[vr_visual_demo] packets=30 dropped_old=61 bad=0 left_err=0.0000 right_err=0.0000 left_wrist_delta=(+0.000, -0.000, +0.000) right_wrist_delta=(+0.000, -0.000, +0.000) joint_step_l2_mean=0.00000 joint_step_l2_max=0.00000 joint_step_abs_max=0.00000 shoulder_step_abs_max=0.00000 joint_vel_abs_max=0.000 shoulder_vel_abs_max=0.000
[vr_visual_demo] packets=60 dropped_old=84 bad=0 left_err=0.0000 right_err=0.0000 left_wrist_delta=(+0.000, -0.000, +0.000) right_wrist_delta=(+0.000, -0.000, +0.000) joint_step_l2_mean=0.00000 joint_step_l2_max=0.00000 joint_step_abs_max=0.00000 shoulder_step_abs_max=0.00000 joint_vel_abs_max=0.000 shoulder_vel_abs_max=0.000
[vr_visual_demo] packets=90 dropped_old=113 bad=0 left_err=0.0000 right_err=0.0000 left_wrist_delta=(+0.000, -0.000, +0.000) right_wrist_delta=(+0.000, -0.000, +0.000) joint_step_l2_mean=0.00000 joint_step_l2_max=0.00000 joint_step_abs_max=0.00000 shoulder_step_abs_max=0.00000 joint_vel_abs_max=0.000 shoulder_vel_abs_max=0.000
[vr_visual_demo] packets=120 dropped_old=183 bad=0 left_err=0.0000 right_err=0.0000 left_wrist_delta=(+0.000, -0.000, +0.000) right_wrist_delta=(+0.000, -0.000, +0.000) joint_step_l2_mean=0.00000 joint_step_l2_max=0.00000 joint_step_abs_max=0.00000 shoulder_step_abs_max=0.00000 joint_vel_abs_max=0.000 shoulder_vel_abs_max=0.000
[vr_visual_demo] packets=150 dropped_old=257 bad=0 left_err=0.0000 right_err=0.0000 left_wrist_delta=(+0.000, -0.000, +0.000) right_wrist_delta=(+0.000, +0.000, +0.000) joint_step_l2_mean=0.00000 joint_step_l2_max=0.00000 joint_step_abs_max=0.00000 shoulder_step_abs_max=0.00000 joint_vel_abs_max=0.000 shoulder_vel_abs_max=0.000
[vr_visual_demo] packets=180 dropped_old=317 bad=0 left_err=0.0000 right_err=0.0000 left_wrist_delta=(+0.000, -0.000, +0.000) right_wrist_delta=(+0.000, +0.000, +0.000) joint_step_l2_mean=0.00000 joint_step_l2_max=0.00000 joint_step_abs_max=0.00000 shoulder_step_abs_max=0.00000 joint_vel_abs_max=0.000 shoulder_vel_abs_max=0.000
[vr_visual_demo] packets=210 dropped_old=379 bad=0 left_err=0.0000 right_err=0.0000 left_wrist_delta=(+0.000, -0.000, +0.000) right_wrist_delta=(+0.000, +0.000, +0.000) joint_step_l2_mean=0.00000 joint_step_l2_max=0.00000 joint_step_abs_max=0.00000 shoulder_step_abs_max=0.00000 joint_vel_abs_max=0.000 shoulder_vel_abs_max=0.000
[vr_visual_demo] right: primary button pressed, reset reference/home target
[vr_visual_demo] packets=240 dropped_old=458 bad=0 left_err=0.0000 right_err=0.0000 left_wrist_delta=(+0.000, -0.000, +0.000) right_wrist_delta=(+0.000, -0.000, +0.000) joint_step_l2_mean=0.00000 joint_step_l2_max=0.00000 joint_step_abs_max=0.00000 shoulder_step_abs_max=0.00000 joint_vel_abs_max=0.000 shoulder_vel_abs_max=0.000
[vr_visual_demo] packets=270 dropped_old=550 bad=0 left_err=0.0000 right_err=0.0000 left_wrist_delta=(+0.000, -0.000, +0.000) right_wrist_delta=(+0.000, -0.000, +0.000) joint_step_l2_mean=0.00000 joint_step_l2_max=0.00000 joint_step_abs_max=0.00000 shoulder_step_abs_max=0.00000 joint_vel_abs_max=0.000 shoulder_vel_abs_max=0.000
[vr_visual_demo] right: Grip pressed, relocked VR reference
[vr_visual_demo] packets=300 dropped_old=618 bad=0 left_err=0.0000 right_err=0.0026 left_wrist_delta=(+0.000, -0.000, +0.000) right_wrist_delta=(-0.084, +0.083, +0.059) joint_step_l2_mean=0.00136 joint_step_l2_max=0.07585 joint_step_abs_max=0.07382 shoulder_step_abs_max=0.00401 joint_vel_abs_max=6.000 shoulder_vel_abs_max=0.326
[vr_visual_demo] packets=330 dropped_old=686 bad=0 left_err=0.0000 right_err=0.0234 left_wrist_delta=(+0.000, -0.000, +0.000) right_wrist_delta=(-0.143, -0.525, +0.338) joint_step_l2_mean=0.00508 joint_step_l2_max=0.10739 joint_step_abs_max=0.07382 shoulder_step_abs_max=0.00836 joint_vel_abs_max=6.000 shoulder_vel_abs_max=0.679
[vr_visual_demo] packets=360 dropped_old=756 bad=0 left_err=0.0000 right_err=0.0530 left_wrist_delta=(+0.000, -0.000, +0.000) right_wrist_delta=(-0.081, +0.955, -0.244) joint_step_l2_mean=0.00882 joint_step_l2_max=0.12559 joint_step_abs_max=0.07382 shoulder_step_abs_max=0.01301 joint_vel_abs_max=6.000 shoulder_vel_abs_max=1.057
[vr_visual_demo] packets=390 dropped_old=812 bad=0 left_err=0.0000 right_err=0.0063 left_wrist_delta=(+0.000, -0.000, +0.000) right_wrist_delta=(-1.235, +0.228, +0.881) joint_step_l2_mean=0.01139 joint_step_l2_max=0.12559 joint_step_abs_max=0.07382 shoulder_step_abs_max=0.01348 joint_vel_abs_max=6.000 shoulder_vel_abs_max=1.096
[vr_visual_demo] packets=420 dropped_old=868 bad=0 left_err=0.0000 right_err=0.0139 left_wrist_delta=(+0.000, -0.000, +0.000) right_wrist_delta=(-1.231, -0.121, +1.085) joint_step_l2_mean=0.01421 joint_step_l2_max=0.12559 joint_step_abs_max=0.07382 shoulder_step_abs_max=0.01456 joint_vel_abs_max=6.000 shoulder_vel_abs_max=1.184
[vr_visual_demo] packets=450 dropped_old=922 bad=0 left_err=0.0000 right_err=0.0252 left_wrist_delta=(+0.000, -0.000, +0.000) right_wrist_delta=(+0.731, +0.745, -0.842) joint_step_l2_mean=0.01723 joint_step_l2_max=0.12559 joint_step_abs_max=0.07382 shoulder_step_abs_max=0.01456 joint_vel_abs_max=6.000 shoulder_vel_abs_max=1.184
[vr_visual_demo] packets=480 dropped_old=1006 bad=0 left_err=0.0000 right_err=0.0291 left_wrist_delta=(+0.000, -0.000, +0.000) right_wrist_delta=(-1.150, +0.432, +0.946) joint_step_l2_mean=0.01946 joint_step_l2_max=0.12559 joint_step_abs_max=0.07382 shoulder_step_abs_max=0.01456 joint_vel_abs_max=6.000 shoulder_vel_abs_max=1.184
[vr_visual_demo] packets=510 dropped_old=1092 bad=0 left_err=0.0000 right_err=0.0603 left_wrist_delta=(+0.000, -0.000, +0.000) right_wrist_delta=(+0.155, +0.114, -0.159) joint_step_l2_mean=0.02056 joint_step_l2_max=0.12559 joint_step_abs_max=0.07382 shoulder_step_abs_max=0.01775 joint_vel_abs_max=6.000 shoulder_vel_abs_max=1.443
[vr_visual_demo] right: Grip released, holding last target
[vr_visual_demo] right: primary button pressed, reset reference/home target
[vr_visual_demo] packets=540 dropped_old=1151 bad=0 left_err=0.0000 right_err=0.0000 left_wrist_delta=(+0.000, -0.000, +0.000) right_wrist_delta=(+0.000, -0.000, +0.000) joint_step_l2_mean=0.02012 joint_step_l2_max=0.12559 joint_step_abs_max=0.07382 shoulder_step_abs_max=0.01775 joint_vel_abs_max=6.000 shoulder_vel_abs_max=1.443
[vr_visual_demo] right: Grip pressed, relocked VR reference
[vr_visual_demo] packets=570 dropped_old=1223 bad=0 left_err=0.0000 right_err=0.0123 left_wrist_delta=(+0.000, -0.000, +0.000) right_wrist_delta=(-0.478, +0.216, +0.077) joint_step_l2_mean=0.01961 joint_step_l2_max=0.12559 joint_step_abs_max=0.07382 shoulder_step_abs_max=0.01775 joint_vel_abs_max=6.000 shoulder_vel_abs_max=1.443
[vr_visual_demo] packets=600 dropped_old=1284 bad=0 left_err=0.0000 right_err=0.0213 left_wrist_delta=(+0.000, -0.000, +0.000) right_wrist_delta=(-1.052, +0.427, +0.411) joint_step_l2_mean=0.01955 joint_step_l2_max=0.12559 joint_step_abs_max=0.07382 shoulder_step_abs_max=0.01775 joint_vel_abs_max=6.000 shoulder_vel_abs_max=1.443
[vr_visual_demo] packets=630 dropped_old=1341 bad=0 left_err=0.0000 right_err=0.1136 left_wrist_delta=(+0.000, -0.000, +0.000) right_wrist_delta=(-1.528, -0.953, +1.309) joint_step_l2_mean=0.02037 joint_step_l2_max=0.12559 joint_step_abs_max=0.07382 shoulder_step_abs_max=0.01775 joint_vel_abs_max=6.000 shoulder_vel_abs_max=1.443
[vr_visual_demo] packets=660 dropped_old=1396 bad=0 left_err=0.0000 right_err=0.0069 left_wrist_delta=(+0.000, -0.000, +0.000) right_wrist_delta=(+0.292, +0.526, -0.394) joint_step_l2_mean=0.02253 joint_step_l2_max=0.12559 joint_step_abs_max=0.07382 shoulder_step_abs_max=0.02272 joint_vel_abs_max=6.000 shoulder_vel_abs_max=1.847
[vr_visual_demo] packets=690 dropped_old=1469 bad=0 left_err=0.0000 right_err=0.0182 left_wrist_delta=(+0.000, -0.000, +0.000) right_wrist_delta=(-1.420, -0.051, +0.380) joint_step_l2_mean=0.02369 joint_step_l2_max=0.12559 joint_step_abs_max=0.07382 shoulder_step_abs_max=0.02272 joint_vel_abs_max=6.000 shoulder_vel_abs_max=1.847
[vr_visual_demo] packets=720 dropped_old=1557 bad=0 left_err=0.0000 right_err=0.0081 left_wrist_delta=(+0.000, -0.000, +0.000) right_wrist_delta=(+0.357, +0.314, -0.249) joint_step_l2_mean=0.02490 joint_step_l2_max=0.12559 joint_step_abs_max=0.07382 shoulder_step_abs_max=0.02272 joint_vel_abs_max=6.000 shoulder_vel_abs_max=1.847
[vr_visual_demo] packets=750 dropped_old=1601 bad=0 left_err=0.0000 right_err=0.0194 left_wrist_delta=(+0.000, -0.000, +0.000) right_wrist_delta=(-0.401, +0.285, +0.101) joint_step_l2_mean=0.02506 joint_step_l2_max=0.12559 joint_step_abs_max=0.07382 shoulder_step_abs_max=0.02272 joint_vel_abs_max=6.000 shoulder_vel_abs_max=1.847
[vr_visual_demo] right: Grip released, holding last target
[vr_visual_demo] packets=780 dropped_old=1659 bad=0 left_err=0.0000 right_err=0.0113 left_wrist_delta=(+0.000, -0.000, +0.000) right_wrist_delta=(-0.373, +0.233, +0.057) joint_step_l2_mean=0.02428 joint_step_l2_max=0.12559 joint_step_abs_max=0.07382 shoulder_step_abs_max=0.02272 joint_vel_abs_max=6.000 shoulder_vel_abs_max=1.847
[vr_visual_demo] packets=810 dropped_old=1726 bad=0 left_err=0.0000 right_err=0.0113 left_wrist_delta=(+0.000, -0.000, +0.000) right_wrist_delta=(-0.373, +0.233, +0.057) joint_step_l2_mean=0.02345 joint_step_l2_max=0.12559 joint_step_abs_max=0.07382 shoulder_step_abs_max=0.02272 joint_vel_abs_max=6.000 shoulder_vel_abs_max=1.847
[vr_visual_demo] packets=840 dropped_old=1780 bad=0 left_err=0.0000 right_err=0.0113 left_wrist_delta=(+0.000, -0.000, +0.000) right_wrist_delta=(-0.373, +0.233, +0.057) joint_step_l2_mean=0.02272 joint_step_l2_max=0.12559 joint_step_abs_max=0.07382 shoulder_step_abs_max=0.02272 joint_vel_abs_max=6.000 shoulder_vel_abs_max=1.847
[vr_visual_demo] packets=870 dropped_old=1829 bad=0 left_err=0.0000 right_err=0.0113 left_wrist_delta=(+0.000, -0.000, +0.000) right_wrist_delta=(-0.373, +0.233, +0.057) joint_step_l2_mean=0.02203 joint_step_l2_max=0.12559 joint_step_abs_max=0.07382 shoulder_step_abs_max=0.02272 joint_vel_abs_max=6.000 shoulder_vel_abs_max=1.847
[vr_visual_demo] packets=900 dropped_old=1890 bad=0 left_err=0.0000 right_err=0.0113 left_wrist_delta=(+0.000, -0.000, +0.000) right_wrist_delta=(-0.373, +0.233, +0.057) joint_step_l2_mean=0.02128 joint_step_l2_max=0.12559 joint_step_abs_max=0.07382 shoulder_step_abs_max=0.02272 joint_vel_abs_max=6.000 shoulder_vel_abs_max=1.847
[vr_visual_demo] packets=930 dropped_old=1955 bad=0 left_err=0.0000 right_err=0.0113 left_wrist_delta=(+0.000, -0.000, +0.000) right_wrist_delta=(-0.373, +0.233, +0.057) joint_step_l2_mean=0.02060 joint_step_l2_max=0.12559 joint_step_abs_max=0.07382 shoulder_step_abs_max=0.02272 joint_vel_abs_max=6.000 shoulder_vel_abs_max=1.847
[vr_visual_demo] packets=960 dropped_old=2039 bad=0 left_err=0.0000 right_err=0.0113 left_wrist_delta=(+0.000, -0.000, +0.000) right_wrist_delta=(-0.373, +0.233, +0.057) joint_step_l2_mean=0.01978 joint_step_l2_max=0.12559 joint_step_abs_max=0.07382 shoulder_step_abs_max=0.02272 joint_vel_abs_max=6.000 shoulder_vel_abs_max=1.847
[vr_visual_demo] packets=990 dropped_old=2095 bad=0 left_err=0.0000 right_err=0.0113 left_wrist_delta=(+0.000, -0.000, +0.000) right_wrist_delta=(-0.373, +0.233, +0.057) joint_step_l2_mean=0.01924 joint_step_l2_max=0.12559 joint_step_abs_max=0.07382 shoulder_step_abs_max=0.02272 joint_vel_abs_max=6.000 shoulder_vel_abs_max=1.847
[vr_visual_demo] packets=1020 dropped_old=2169 bad=0 left_err=0.0000 right_err=0.0113 left_wrist_delta=(+0.000, -0.000, +0.000) right_wrist_delta=(-0.373, +0.233, +0.057) joint_step_l2_mean=0.01868 joint_step_l2_max=0.12559 joint_step_abs_max=0.07382 shoulder_step_abs_max=0.02272 joint_vel_abs_max=6.000 shoulder_vel_abs_max=1.847
[vr_visual_demo] packets=1050 dropped_old=2234 bad=0 left_err=0.0000 right_err=0.0113 left_wrist_delta=(+0.000, -0.000, +0.000) right_wrist_delta=(-0.373, +0.233, +0.057) joint_step_l2_mean=0.01815 joint_step_l2_max=0.12559 joint_step_abs_max=0.07382 shoulder_step_abs_max=0.02272 joint_vel_abs_max=6.000 shoulder_vel_abs_max=1.847
[vr_visual_demo] packets=1080 dropped_old=2286 bad=0 left_err=0.0000 right_err=0.0113 left_wrist_delta=(+0.000, -0.000, +0.000) right_wrist_delta=(-0.373, +0.233, +0.057) joint_step_l2_mean=0.01770 joint_step_l2_max=0.12559 joint_step_abs_max=0.07382 shoulder_step_abs_max=0.02272 joint_vel_abs_max=6.000 shoulder_vel_abs_max=1.847
[vr_visual_demo] packets=1110 dropped_old=2320 bad=0 left_err=0.0000 right_err=0.0113 left_wrist_delta=(+0.000, -0.000, +0.000) right_wrist_delta=(-0.373, +0.233, +0.057) joint_step_l2_mean=0.01722 joint_step_l2_max=0.12559 joint_step_abs_max=0.07382 shoulder_step_abs_max=0.02272 joint_vel_abs_max=6.000 shoulder_vel_abs_max=1.847
[vr_visual_demo] interrupted
[vr_visual_demo] stopped: packets=1119, dropped_old_packets=2330, bad_packets=0, final_left_error=0.000000, final_right_error=0.011295, joint_step_l2_mean=0.01708 joint_step_l2_max=0.12559 joint_step_abs_max=0.07382 shoulder_step_abs_max=0.02272 joint_vel_abs_max=6.000 shoulder_vel_abs_max=1.847
